{"level":"error"}
{"_message":"users validation failed","errors":{"address":{"kind":"required","message":"Path `address` is required.","name":"ValidatorError","path":"address","properties":{"message":"Path `address` is required.","path":"address","type":"required"}},"age":{"kind":"required","message":"Path `age` is required.","name":"ValidatorError","path":"age","properties":{"message":"Path `age` is required.","path":"age","type":"required"}},"avatar":{"kind":"required","message":"Path `avatar` is required.","name":"ValidatorError","path":"avatar","properties":{"message":"Path `avatar` is required.","path":"avatar","type":"required"}},"name":{"kind":"required","message":"Path `name` is required.","name":"ValidatorError","path":"name","properties":{"message":"Path `name` is required.","path":"name","type":"required"}},"phone":{"kind":"required","message":"Path `phone` is required.","name":"ValidatorError","path":"phone","properties":{"message":"Path `phone` is required.","path":"phone","type":"required"}}},"level":"error","message":"users validation failed: name: Path `name` is required., address: Path `address` is required., age: Path `age` is required., phone: Path `phone` is required., avatar: Path `avatar` is required.","name":"ValidationError"}
{"_message":"users validation failed","errors":{"address":{"kind":"required","message":"Path `address` is required.","name":"ValidatorError","path":"address","properties":{"message":"Path `address` is required.","path":"address","type":"required"}},"age":{"kind":"required","message":"Path `age` is required.","name":"ValidatorError","path":"age","properties":{"message":"Path `age` is required.","path":"age","type":"required"}},"avatar":{"kind":"required","message":"Path `avatar` is required.","name":"ValidatorError","path":"avatar","properties":{"message":"Path `avatar` is required.","path":"avatar","type":"required"}},"name":{"kind":"required","message":"Path `name` is required.","name":"ValidatorError","path":"name","properties":{"message":"Path `name` is required.","path":"name","type":"required"}},"phone":{"kind":"required","message":"Path `phone` is required.","name":"ValidatorError","path":"phone","properties":{"message":"Path `phone` is required.","path":"phone","type":"required"}}},"level":"error","message":"users validation failed: name: Path `name` is required., address: Path `address` is required., age: Path `age` is required., phone: Path `phone` is required., avatar: Path `avatar` is required.","name":"ValidationError"}
{"code":400,"message":"Bad Request","response":{"body":{"errors":[{"field":"content","help":"http://sendgrid.com/docs/API_Reference/Web_API_v3/Mail/errors.html#message.content","message":"Unless a valid template_id is provided, the content parameter is required. There must be at least one defined content block. We typically suggest both text/plain and text/html blocks are included, but only one block is required."}]},"headers":{"access-control-allow-headers":"Authorization, Content-Type, On-behalf-of, x-sg-elas-acl","access-control-allow-methods":"POST","access-control-allow-origin":"https://sendgrid.api-docs.io","access-control-max-age":"600","connection":"close","content-length":"365","content-type":"application/json","date":"Sat, 19 Nov 2022 22:25:41 GMT","server":"nginx","strict-transport-security":"max-age=600; includeSubDomains","x-no-cors-reason":"https://sendgrid.com/docs/Classroom/Basics/API/cors.html"}}}
{"code":63007,"level":"error","moreInfo":"https://www.twilio.com/docs/errors/63007","status":400}
{"code":63007,"level":"error","moreInfo":"https://www.twilio.com/docs/errors/63007","status":400}
{
  message: 'Fatal error: please adjust MESSAGE_DATABASE environment variable to match a supported persistence mechanism.',
  level: 'error',
  timestamp: '2022-12-26T13:54:03.661Z'
}
{
  message: 'Fatal error: please adjust MESSAGE_DATABASE environment variable to match a supported persistence mechanism.',
  level: 'error',
  timestamp: '2022-12-26T14:24:23.809Z'
}
{
  message: 'Fatal error: please adjust MESSAGE_DATABASE environment variable to match a supported persistence mechanism.',
  level: 'error',
  timestamp: '2022-12-26T14:25:19.915Z'
}
{
  message: 'Fatal error: please adjust MESSAGE_DATABASE environment variable to match a supported persistence mechanism.',
  level: 'error',
  timestamp: '2022-12-26T14:25:19.998Z'
}
{
  level: 'error',
  message: "Cannot read properties of undefined (reading 'getAll')",
  stack: "TypeError: Cannot read properties of undefined (reading 'getAll')\n" +
    '    at serveChat (C:\\Users\\romme\\Desktop\\backend-final-project\\src\\controllers\\chatController.js:10:44)\n' +
    '    at Layer.handle [as handle_request] (C:\\Users\\romme\\Desktop\\backend-final-project\\node_modules\\express\\lib\\router\\layer.js:95:5)\n' +
    '    at next (C:\\Users\\romme\\Desktop\\backend-final-project\\node_modules\\express\\lib\\router\\route.js:144:13)\n' +
    '    at Route.dispatch (C:\\Users\\romme\\Desktop\\backend-final-project\\node_modules\\express\\lib\\router\\route.js:114:3)\n' +
    '    at Layer.handle [as handle_request] (C:\\Users\\romme\\Desktop\\backend-final-project\\node_modules\\express\\lib\\router\\layer.js:95:5)\n' +
    '    at C:\\Users\\romme\\Desktop\\backend-final-project\\node_modules\\express\\lib\\router\\index.js:284:15\n' +
    '    at param (C:\\Users\\romme\\Desktop\\backend-final-project\\node_modules\\express\\lib\\router\\index.js:365:14)\n' +
    '    at param (C:\\Users\\romme\\Desktop\\backend-final-project\\node_modules\\express\\lib\\router\\index.js:376:14)\n' +
    '    at Function.process_params (C:\\Users\\romme\\Desktop\\backend-final-project\\node_modules\\express\\lib\\router\\index.js:421:3)\n' +
    '    at next (C:\\Users\\romme\\Desktop\\backend-final-project\\node_modules\\express\\lib\\router\\index.js:280:10)',
  timestamp: '2022-12-26T14:25:22.511Z'
}
{
  level: 'error',
  message: 'allMessages.map is not a function',
  stack: 'TypeError: allMessages.map is not a function\n' +
    '    at serveChat (C:\\Users\\romme\\Desktop\\backend-final-project\\src\\controllers\\chatController.js:11:53)\n' +
    '    at Layer.handle [as handle_request] (C:\\Users\\romme\\Desktop\\backend-final-project\\node_modules\\express\\lib\\router\\layer.js:95:5)\n' +
    '    at next (C:\\Users\\romme\\Desktop\\backend-final-project\\node_modules\\express\\lib\\router\\route.js:144:13)\n' +
    '    at Route.dispatch (C:\\Users\\romme\\Desktop\\backend-final-project\\node_modules\\express\\lib\\router\\route.js:114:3)\n' +
    '    at Layer.handle [as handle_request] (C:\\Users\\romme\\Desktop\\backend-final-project\\node_modules\\express\\lib\\router\\layer.js:95:5)\n' +
    '    at C:\\Users\\romme\\Desktop\\backend-final-project\\node_modules\\express\\lib\\router\\index.js:284:15\n' +
    '    at param (C:\\Users\\romme\\Desktop\\backend-final-project\\node_modules\\express\\lib\\router\\index.js:365:14)\n' +
    '    at param (C:\\Users\\romme\\Desktop\\backend-final-project\\node_modules\\express\\lib\\router\\index.js:376:14)\n' +
    '    at Function.process_params (C:\\Users\\romme\\Desktop\\backend-final-project\\node_modules\\express\\lib\\router\\index.js:421:3)\n' +
    '    at next (C:\\Users\\romme\\Desktop\\backend-final-project\\node_modules\\express\\lib\\router\\index.js:280:10)',
  timestamp: '2022-12-26T14:31:32.295Z'
}
{
  level: 'error',
  message: 'allMessages.map is not a function',
  stack: 'TypeError: allMessages.map is not a function\n' +
    '    at serveChat (C:\\Users\\romme\\Desktop\\backend-final-project\\src\\controllers\\chatController.js:16:47)\n' +
    '    at Layer.handle [as handle_request] (C:\\Users\\romme\\Desktop\\backend-final-project\\node_modules\\express\\lib\\router\\layer.js:95:5)\n' +
    '    at next (C:\\Users\\romme\\Desktop\\backend-final-project\\node_modules\\express\\lib\\router\\route.js:144:13)\n' +
    '    at Route.dispatch (C:\\Users\\romme\\Desktop\\backend-final-project\\node_modules\\express\\lib\\router\\route.js:114:3)\n' +
    '    at Layer.handle [as handle_request] (C:\\Users\\romme\\Desktop\\backend-final-project\\node_modules\\express\\lib\\router\\layer.js:95:5)\n' +
    '    at C:\\Users\\romme\\Desktop\\backend-final-project\\node_modules\\express\\lib\\router\\index.js:284:15\n' +
    '    at param (C:\\Users\\romme\\Desktop\\backend-final-project\\node_modules\\express\\lib\\router\\index.js:365:14)\n' +
    '    at param (C:\\Users\\romme\\Desktop\\backend-final-project\\node_modules\\express\\lib\\router\\index.js:376:14)\n' +
    '    at Function.process_params (C:\\Users\\romme\\Desktop\\backend-final-project\\node_modules\\express\\lib\\router\\index.js:421:3)\n' +
    '    at next (C:\\Users\\romme\\Desktop\\backend-final-project\\node_modules\\express\\lib\\router\\index.js:280:10)',
  timestamp: '2022-12-26T14:37:19.768Z'
}
{
  level: 'error',
  message: 'allMessages.map is not a function',
  stack: 'TypeError: allMessages.map is not a function\n' +
    '    at serveChat (C:\\Users\\romme\\Desktop\\backend-final-project\\src\\controllers\\chatController.js:16:47)\n' +
    '    at Layer.handle [as handle_request] (C:\\Users\\romme\\Desktop\\backend-final-project\\node_modules\\express\\lib\\router\\layer.js:95:5)\n' +
    '    at next (C:\\Users\\romme\\Desktop\\backend-final-project\\node_modules\\express\\lib\\router\\route.js:144:13)\n' +
    '    at Route.dispatch (C:\\Users\\romme\\Desktop\\backend-final-project\\node_modules\\express\\lib\\router\\route.js:114:3)\n' +
    '    at Layer.handle [as handle_request] (C:\\Users\\romme\\Desktop\\backend-final-project\\node_modules\\express\\lib\\router\\layer.js:95:5)\n' +
    '    at C:\\Users\\romme\\Desktop\\backend-final-project\\node_modules\\express\\lib\\router\\index.js:284:15\n' +
    '    at param (C:\\Users\\romme\\Desktop\\backend-final-project\\node_modules\\express\\lib\\router\\index.js:365:14)\n' +
    '    at param (C:\\Users\\romme\\Desktop\\backend-final-project\\node_modules\\express\\lib\\router\\index.js:376:14)\n' +
    '    at Function.process_params (C:\\Users\\romme\\Desktop\\backend-final-project\\node_modules\\express\\lib\\router\\index.js:421:3)\n' +
    '    at next (C:\\Users\\romme\\Desktop\\backend-final-project\\node_modules\\express\\lib\\router\\index.js:280:10)',
  timestamp: '2022-12-26T14:37:23.642Z'
}
{
  level: 'error',
  message: 'allMessages.map is not a function',
  stack: 'TypeError: allMessages.map is not a function\n' +
    '    at serveChat (C:\\Users\\romme\\Desktop\\backend-final-project\\src\\controllers\\chatController.js:16:47)\n' +
    '    at Layer.handle [as handle_request] (C:\\Users\\romme\\Desktop\\backend-final-project\\node_modules\\express\\lib\\router\\layer.js:95:5)\n' +
    '    at next (C:\\Users\\romme\\Desktop\\backend-final-project\\node_modules\\express\\lib\\router\\route.js:144:13)\n' +
    '    at Route.dispatch (C:\\Users\\romme\\Desktop\\backend-final-project\\node_modules\\express\\lib\\router\\route.js:114:3)\n' +
    '    at Layer.handle [as handle_request] (C:\\Users\\romme\\Desktop\\backend-final-project\\node_modules\\express\\lib\\router\\layer.js:95:5)\n' +
    '    at C:\\Users\\romme\\Desktop\\backend-final-project\\node_modules\\express\\lib\\router\\index.js:284:15\n' +
    '    at param (C:\\Users\\romme\\Desktop\\backend-final-project\\node_modules\\express\\lib\\router\\index.js:365:14)\n' +
    '    at param (C:\\Users\\romme\\Desktop\\backend-final-project\\node_modules\\express\\lib\\router\\index.js:376:14)\n' +
    '    at Function.process_params (C:\\Users\\romme\\Desktop\\backend-final-project\\node_modules\\express\\lib\\router\\index.js:421:3)\n' +
    '    at next (C:\\Users\\romme\\Desktop\\backend-final-project\\node_modules\\express\\lib\\router\\index.js:280:10)',
  timestamp: '2022-12-26T14:38:12.835Z'
}
{
  level: 'error',
  message: 'allMessages.map is not a function',
  stack: 'TypeError: allMessages.map is not a function\n' +
    '    at serveChat (C:\\Users\\romme\\Desktop\\backend-final-project\\src\\controllers\\chatController.js:16:47)\n' +
    '    at Layer.handle [as handle_request] (C:\\Users\\romme\\Desktop\\backend-final-project\\node_modules\\express\\lib\\router\\layer.js:95:5)\n' +
    '    at next (C:\\Users\\romme\\Desktop\\backend-final-project\\node_modules\\express\\lib\\router\\route.js:144:13)\n' +
    '    at Route.dispatch (C:\\Users\\romme\\Desktop\\backend-final-project\\node_modules\\express\\lib\\router\\route.js:114:3)\n' +
    '    at Layer.handle [as handle_request] (C:\\Users\\romme\\Desktop\\backend-final-project\\node_modules\\express\\lib\\router\\layer.js:95:5)\n' +
    '    at C:\\Users\\romme\\Desktop\\backend-final-project\\node_modules\\express\\lib\\router\\index.js:284:15\n' +
    '    at param (C:\\Users\\romme\\Desktop\\backend-final-project\\node_modules\\express\\lib\\router\\index.js:365:14)\n' +
    '    at param (C:\\Users\\romme\\Desktop\\backend-final-project\\node_modules\\express\\lib\\router\\index.js:376:14)\n' +
    '    at Function.process_params (C:\\Users\\romme\\Desktop\\backend-final-project\\node_modules\\express\\lib\\router\\index.js:421:3)\n' +
    '    at next (C:\\Users\\romme\\Desktop\\backend-final-project\\node_modules\\express\\lib\\router\\index.js:280:10)',
  timestamp: '2022-12-26T14:38:13.297Z'
}
{
  level: 'error',
  message: 'allMessages.map is not a function',
  stack: 'TypeError: allMessages.map is not a function\n' +
    '    at serveChat (C:\\Users\\romme\\Desktop\\backend-final-project\\src\\controllers\\chatController.js:16:47)\n' +
    '    at Layer.handle [as handle_request] (C:\\Users\\romme\\Desktop\\backend-final-project\\node_modules\\express\\lib\\router\\layer.js:95:5)\n' +
    '    at next (C:\\Users\\romme\\Desktop\\backend-final-project\\node_modules\\express\\lib\\router\\route.js:144:13)\n' +
    '    at Route.dispatch (C:\\Users\\romme\\Desktop\\backend-final-project\\node_modules\\express\\lib\\router\\route.js:114:3)\n' +
    '    at Layer.handle [as handle_request] (C:\\Users\\romme\\Desktop\\backend-final-project\\node_modules\\express\\lib\\router\\layer.js:95:5)\n' +
    '    at C:\\Users\\romme\\Desktop\\backend-final-project\\node_modules\\express\\lib\\router\\index.js:284:15\n' +
    '    at param (C:\\Users\\romme\\Desktop\\backend-final-project\\node_modules\\express\\lib\\router\\index.js:365:14)\n' +
    '    at param (C:\\Users\\romme\\Desktop\\backend-final-project\\node_modules\\express\\lib\\router\\index.js:376:14)\n' +
    '    at Function.process_params (C:\\Users\\romme\\Desktop\\backend-final-project\\node_modules\\express\\lib\\router\\index.js:421:3)\n' +
    '    at next (C:\\Users\\romme\\Desktop\\backend-final-project\\node_modules\\express\\lib\\router\\index.js:280:10)',
  timestamp: '2022-12-26T14:38:14.875Z'
}
{
  level: 'error',
  message: 'allMessages.map is not a function',
  stack: 'TypeError: allMessages.map is not a function\n' +
    '    at serveChat (C:\\Users\\romme\\Desktop\\backend-final-project\\src\\controllers\\chatController.js:16:47)\n' +
    '    at Layer.handle [as handle_request] (C:\\Users\\romme\\Desktop\\backend-final-project\\node_modules\\express\\lib\\router\\layer.js:95:5)\n' +
    '    at next (C:\\Users\\romme\\Desktop\\backend-final-project\\node_modules\\express\\lib\\router\\route.js:144:13)\n' +
    '    at Route.dispatch (C:\\Users\\romme\\Desktop\\backend-final-project\\node_modules\\express\\lib\\router\\route.js:114:3)\n' +
    '    at Layer.handle [as handle_request] (C:\\Users\\romme\\Desktop\\backend-final-project\\node_modules\\express\\lib\\router\\layer.js:95:5)\n' +
    '    at C:\\Users\\romme\\Desktop\\backend-final-project\\node_modules\\express\\lib\\router\\index.js:284:15\n' +
    '    at param (C:\\Users\\romme\\Desktop\\backend-final-project\\node_modules\\express\\lib\\router\\index.js:365:14)\n' +
    '    at param (C:\\Users\\romme\\Desktop\\backend-final-project\\node_modules\\express\\lib\\router\\index.js:376:14)\n' +
    '    at Function.process_params (C:\\Users\\romme\\Desktop\\backend-final-project\\node_modules\\express\\lib\\router\\index.js:421:3)\n' +
    '    at next (C:\\Users\\romme\\Desktop\\backend-final-project\\node_modules\\express\\lib\\router\\index.js:280:10)',
  timestamp: '2022-12-26T14:39:06.220Z'
}
{
  level: 'error',
  message: 'allMessages.map is not a function',
  stack: 'TypeError: allMessages.map is not a function\n' +
    '    at serveChat (C:\\Users\\romme\\Desktop\\backend-final-project\\src\\controllers\\chatController.js:16:47)\n' +
    '    at Layer.handle [as handle_request] (C:\\Users\\romme\\Desktop\\backend-final-project\\node_modules\\express\\lib\\router\\layer.js:95:5)\n' +
    '    at next (C:\\Users\\romme\\Desktop\\backend-final-project\\node_modules\\express\\lib\\router\\route.js:144:13)\n' +
    '    at Route.dispatch (C:\\Users\\romme\\Desktop\\backend-final-project\\node_modules\\express\\lib\\router\\route.js:114:3)\n' +
    '    at Layer.handle [as handle_request] (C:\\Users\\romme\\Desktop\\backend-final-project\\node_modules\\express\\lib\\router\\layer.js:95:5)\n' +
    '    at C:\\Users\\romme\\Desktop\\backend-final-project\\node_modules\\express\\lib\\router\\index.js:284:15\n' +
    '    at param (C:\\Users\\romme\\Desktop\\backend-final-project\\node_modules\\express\\lib\\router\\index.js:365:14)\n' +
    '    at param (C:\\Users\\romme\\Desktop\\backend-final-project\\node_modules\\express\\lib\\router\\index.js:376:14)\n' +
    '    at Function.process_params (C:\\Users\\romme\\Desktop\\backend-final-project\\node_modules\\express\\lib\\router\\index.js:421:3)\n' +
    '    at next (C:\\Users\\romme\\Desktop\\backend-final-project\\node_modules\\express\\lib\\router\\index.js:280:10)',
  timestamp: '2022-12-26T14:39:30.283Z'
}
{
  level: 'error',
  message: 'allMessages.map is not a function',
  stack: 'TypeError: allMessages.map is not a function\n' +
    '    at serveChat (C:\\Users\\romme\\Desktop\\backend-final-project\\src\\controllers\\chatController.js:16:47)\n' +
    '    at Layer.handle [as handle_request] (C:\\Users\\romme\\Desktop\\backend-final-project\\node_modules\\express\\lib\\router\\layer.js:95:5)\n' +
    '    at next (C:\\Users\\romme\\Desktop\\backend-final-project\\node_modules\\express\\lib\\router\\route.js:144:13)\n' +
    '    at Route.dispatch (C:\\Users\\romme\\Desktop\\backend-final-project\\node_modules\\express\\lib\\router\\route.js:114:3)\n' +
    '    at Layer.handle [as handle_request] (C:\\Users\\romme\\Desktop\\backend-final-project\\node_modules\\express\\lib\\router\\layer.js:95:5)\n' +
    '    at C:\\Users\\romme\\Desktop\\backend-final-project\\node_modules\\express\\lib\\router\\index.js:284:15\n' +
    '    at param (C:\\Users\\romme\\Desktop\\backend-final-project\\node_modules\\express\\lib\\router\\index.js:365:14)\n' +
    '    at param (C:\\Users\\romme\\Desktop\\backend-final-project\\node_modules\\express\\lib\\router\\index.js:376:14)\n' +
    '    at Function.process_params (C:\\Users\\romme\\Desktop\\backend-final-project\\node_modules\\express\\lib\\router\\index.js:421:3)\n' +
    '    at next (C:\\Users\\romme\\Desktop\\backend-final-project\\node_modules\\express\\lib\\router\\index.js:280:10)',
  timestamp: '2022-12-26T14:39:59.880Z'
}
{
  level: 'error',
  message: 'allMessages.map is not a function',
  stack: 'TypeError: allMessages.map is not a function\n' +
    '    at serveChat (C:\\Users\\romme\\Desktop\\backend-final-project\\src\\controllers\\chatController.js:17:47)\n' +
    '    at Layer.handle [as handle_request] (C:\\Users\\romme\\Desktop\\backend-final-project\\node_modules\\express\\lib\\router\\layer.js:95:5)\n' +
    '    at next (C:\\Users\\romme\\Desktop\\backend-final-project\\node_modules\\express\\lib\\router\\route.js:144:13)\n' +
    '    at Route.dispatch (C:\\Users\\romme\\Desktop\\backend-final-project\\node_modules\\express\\lib\\router\\route.js:114:3)\n' +
    '    at Layer.handle [as handle_request] (C:\\Users\\romme\\Desktop\\backend-final-project\\node_modules\\express\\lib\\router\\layer.js:95:5)\n' +
    '    at C:\\Users\\romme\\Desktop\\backend-final-project\\node_modules\\express\\lib\\router\\index.js:284:15\n' +
    '    at param (C:\\Users\\romme\\Desktop\\backend-final-project\\node_modules\\express\\lib\\router\\index.js:365:14)\n' +
    '    at param (C:\\Users\\romme\\Desktop\\backend-final-project\\node_modules\\express\\lib\\router\\index.js:376:14)\n' +
    '    at Function.process_params (C:\\Users\\romme\\Desktop\\backend-final-project\\node_modules\\express\\lib\\router\\index.js:421:3)\n' +
    '    at next (C:\\Users\\romme\\Desktop\\backend-final-project\\node_modules\\express\\lib\\router\\index.js:280:10)',
  timestamp: '2022-12-26T14:40:41.956Z'
}
{
  level: 'error',
  message: 'filteredMessages.map is not a function',
  stack: 'TypeError: filteredMessages.map is not a function\n' +
    '    at serveChat (C:\\Users\\romme\\Desktop\\backend-final-project\\src\\controllers\\chatController.js:22:59)\n' +
    '    at Layer.handle [as handle_request] (C:\\Users\\romme\\Desktop\\backend-final-project\\node_modules\\express\\lib\\router\\layer.js:95:5)\n' +
    '    at next (C:\\Users\\romme\\Desktop\\backend-final-project\\node_modules\\express\\lib\\router\\route.js:144:13)\n' +
    '    at Route.dispatch (C:\\Users\\romme\\Desktop\\backend-final-project\\node_modules\\express\\lib\\router\\route.js:114:3)\n' +
    '    at Layer.handle [as handle_request] (C:\\Users\\romme\\Desktop\\backend-final-project\\node_modules\\express\\lib\\router\\layer.js:95:5)\n' +
    '    at C:\\Users\\romme\\Desktop\\backend-final-project\\node_modules\\express\\lib\\router\\index.js:284:15\n' +
    '    at param (C:\\Users\\romme\\Desktop\\backend-final-project\\node_modules\\express\\lib\\router\\index.js:365:14)\n' +
    '    at param (C:\\Users\\romme\\Desktop\\backend-final-project\\node_modules\\express\\lib\\router\\index.js:376:14)\n' +
    '    at Function.process_params (C:\\Users\\romme\\Desktop\\backend-final-project\\node_modules\\express\\lib\\router\\index.js:421:3)\n' +
    '    at next (C:\\Users\\romme\\Desktop\\backend-final-project\\node_modules\\express\\lib\\router\\index.js:280:10)',
  timestamp: '2022-12-26T14:42:58.270Z'
}
{
  level: 'error',
  message: "Cannot read properties of null (reading 'map')",
  stack: "TypeError: Cannot read properties of null (reading 'map')\n" +
    '    at serveChat (C:\\Users\\romme\\Desktop\\backend-final-project\\src\\controllers\\chatController.js:22:59)\n' +
    '    at processTicksAndRejections (node:internal/process/task_queues:96:5)',
  timestamp: '2022-12-26T14:43:37.474Z'
}
{
  level: 'error',
  message: "Cannot read properties of null (reading 'map')",
  stack: "TypeError: Cannot read properties of null (reading 'map')\n" +
    '    at serveChat (C:\\Users\\romme\\Desktop\\backend-final-project\\src\\controllers\\chatController.js:22:59)\n' +
    '    at processTicksAndRejections (node:internal/process/task_queues:96:5)',
  timestamp: '2022-12-26T14:43:54.678Z'
}
